This is pdfTeX, Version 3.141592653-2.6-1.40.22 (TeX Live 2022/dev/Debian) (preloaded format=pdflatex 2024.8.29)  31 AUG 2024 07:02
entering extended mode
 restricted \write18 enabled.
 file:line:error style messages enabled.
 %&-line parsing enabled.
**"/home/ayushraina/Desktop/5thSemester/DSAI/Assignment 1-B/PDF/report.tex"
(/home/ayushraina/Desktop/5thSemester/DSAI/Assignment 1-B/PDF/report.tex
LaTeX2e <2021-11-15> patch level 1
L3 programming layer <2022-01-21> (/usr/share/texlive/texmf-dist/tex/latex/base/article.cls
Document Class: article 2021/10/04 v1.4n Standard LaTeX document class
(/usr/share/texlive/texmf-dist/tex/latex/base/size12.clo
File: size12.clo 2021/10/04 v1.4n Standard LaTeX file (size option)
)
\c@part=\count185
\c@section=\count186
\c@subsection=\count187
\c@subsubsection=\count188
\c@paragraph=\count189
\c@subparagraph=\count190
\c@figure=\count191
\c@table=\count192
\abovecaptionskip=\skip47
\belowcaptionskip=\skip48
\bibindent=\dimen138
) (/usr/share/texlive/texmf-dist/tex/latex/graphics/graphicx.sty
Package: graphicx 2021/09/16 v1.2d Enhanced LaTeX Graphics (DPC,SPQR)
 (/usr/share/texlive/texmf-dist/tex/latex/graphics/keyval.sty
Package: keyval 2014/10/28 v1.15 key=value parser (DPC)
\KV@toks@=\toks16
) (/usr/share/texlive/texmf-dist/tex/latex/graphics/graphics.sty
Package: graphics 2021/03/04 v1.4d Standard LaTeX Graphics (DPC,SPQR)
 (/usr/share/texlive/texmf-dist/tex/latex/graphics/trig.sty
Package: trig 2021/08/11 v1.11 sin cos tan (DPC)
) (/usr/share/texlive/texmf-dist/tex/latex/graphics-cfg/graphics.cfg
File: graphics.cfg 2016/06/04 v1.11 sample graphics configuration
)
Package graphics Info: Driver file: pdftex.def on input line 107.
 (/usr/share/texlive/texmf-dist/tex/latex/graphics-def/pdftex.def
File: pdftex.def 2020/10/05 v1.2a Graphics/color driver for pdftex
))
\Gin@req@height=\dimen139
\Gin@req@width=\dimen140
) (/usr/share/texlive/texmf-dist/tex/latex/amsmath/amsmath.sty
Package: amsmath 2021/10/15 v2.17l AMS math features
\@mathmargin=\skip49

For additional information on amsmath, use the `?' option.
(/usr/share/texlive/texmf-dist/tex/latex/amsmath/amstext.sty
Package: amstext 2021/08/26 v2.01 AMS text
 (/usr/share/texlive/texmf-dist/tex/latex/amsmath/amsgen.sty
File: amsgen.sty 1999/11/30 v2.0 generic functions
\@emptytoks=\toks17
\ex@=\dimen141
)) (/usr/share/texlive/texmf-dist/tex/latex/amsmath/amsbsy.sty
Package: amsbsy 1999/11/29 v1.2d Bold Symbols
\pmbraise@=\dimen142
) (/usr/share/texlive/texmf-dist/tex/latex/amsmath/amsopn.sty
Package: amsopn 2021/08/26 v2.02 operator names
)
\inf@bad=\count193
LaTeX Info: Redefining \frac on input line 234.
\uproot@=\count194
\leftroot@=\count195
LaTeX Info: Redefining \overline on input line 399.
\classnum@=\count196
\DOTSCASE@=\count197
LaTeX Info: Redefining \ldots on input line 496.
LaTeX Info: Redefining \dots on input line 499.
LaTeX Info: Redefining \cdots on input line 620.
\Mathstrutbox@=\box50
\strutbox@=\box51
\big@size=\dimen143
LaTeX Font Info:    Redeclaring font encoding OML on input line 743.
LaTeX Font Info:    Redeclaring font encoding OMS on input line 744.
\macc@depth=\count198
\c@MaxMatrixCols=\count199
\dotsspace@=\muskip16
\c@parentequation=\count266
\dspbrk@lvl=\count267
\tag@help=\toks18
\row@=\count268
\column@=\count269
\maxfields@=\count270
\andhelp@=\toks19
\eqnshift@=\dimen144
\alignsep@=\dimen145
\tagshift@=\dimen146
\tagwidth@=\dimen147
\totwidth@=\dimen148
\lineht@=\dimen149
\@envbody=\toks20
\multlinegap=\skip50
\multlinetaggap=\skip51
\mathdisplay@stack=\toks21
LaTeX Info: Redefining \[ on input line 2938.
LaTeX Info: Redefining \] on input line 2939.
) (/usr/share/texlive/texmf-dist/tex/latex/amsfonts/amssymb.sty
Package: amssymb 2013/01/14 v3.01 AMS font symbols
 (/usr/share/texlive/texmf-dist/tex/latex/amsfonts/amsfonts.sty
Package: amsfonts 2013/01/14 v3.01 Basic AMSFonts support
\symAMSa=\mathgroup4
\symAMSb=\mathgroup5
LaTeX Font Info:    Redeclaring math symbol \hbar on input line 98.
LaTeX Font Info:    Overwriting math alphabet `\mathfrak' in version `bold'
(Font)                  U/euf/m/n --> U/euf/b/n on input line 106.
)) (/usr/share/texlive/texmf-dist/tex/latex/geometry/geometry.sty
Package: geometry 2020/01/02 v5.9 Page Geometry
 (/usr/share/texlive/texmf-dist/tex/generic/iftex/ifvtex.sty
Package: ifvtex 2019/10/25 v1.7 ifvtex legacy package. Use iftex instead.
 (/usr/share/texlive/texmf-dist/tex/generic/iftex/iftex.sty
Package: iftex 2020/03/06 v1.0d TeX engine tests
))
\Gm@cnth=\count271
\Gm@cntv=\count272
\c@Gm@tempcnt=\count273
\Gm@bindingoffset=\dimen150
\Gm@wd@mp=\dimen151
\Gm@odd@mp=\dimen152
\Gm@even@mp=\dimen153
\Gm@layoutwidth=\dimen154
\Gm@layoutheight=\dimen155
\Gm@layouthoffset=\dimen156
\Gm@layoutvoffset=\dimen157
\Gm@dimlist=\toks22
) (/usr/share/texlive/texmf-dist/tex/latex/tools/array.sty
Package: array 2021/10/04 v2.5f Tabular extension package (FMi)
\col@sep=\dimen158
\ar@mcellbox=\box52
\extrarowheight=\dimen159
\NC@list=\toks23
\extratabsurround=\skip52
\backup@length=\skip53
\ar@cellbox=\box53
) (/usr/share/texlive/texmf-dist/tex/latex/xcolor/xcolor.sty
Package: xcolor 2021/10/31 v2.13 LaTeX color extensions (UK)
 (/usr/share/texlive/texmf-dist/tex/latex/graphics-cfg/color.cfg
File: color.cfg 2016/01/02 v1.6 sample color configuration
)
Package xcolor Info: Driver file: pdftex.def on input line 227.
Package xcolor Info: Model `cmy' substituted by `cmy0' on input line 1352.
Package xcolor Info: Model `hsb' substituted by `rgb' on input line 1356.
Package xcolor Info: Model `RGB' extended on input line 1368.
Package xcolor Info: Model `HTML' substituted by `rgb' on input line 1370.
Package xcolor Info: Model `Hsb' substituted by `hsb' on input line 1371.
Package xcolor Info: Model `tHsb' substituted by `hsb' on input line 1372.
Package xcolor Info: Model `HSB' substituted by `hsb' on input line 1373.
Package xcolor Info: Model `Gray' substituted by `gray' on input line 1374.
Package xcolor Info: Model `wave' substituted by `hsb' on input line 1375.
)

Package geometry Warning: Over-specification in `h'-direction.
    `width' (483.69684pt) is ignored.

(/usr/share/texlive/texmf-dist/tex/latex/l3backend/l3backend-pdftex.def
File: l3backend-pdftex.def 2022-01-12 L3 backend support: PDF output (pdfTeX)
\l__color_backend_stack_int=\count274
\l__pdf_internal_box=\box54
) (./report.aux)
\openout1 = `report.aux'.

LaTeX Font Info:    Checking defaults for OML/cmm/m/it on input line 23.
LaTeX Font Info:    ... okay on input line 23.
LaTeX Font Info:    Checking defaults for OMS/cmsy/m/n on input line 23.
LaTeX Font Info:    ... okay on input line 23.
LaTeX Font Info:    Checking defaults for OT1/cmr/m/n on input line 23.
LaTeX Font Info:    ... okay on input line 23.
LaTeX Font Info:    Checking defaults for T1/cmr/m/n on input line 23.
LaTeX Font Info:    ... okay on input line 23.
LaTeX Font Info:    Checking defaults for TS1/cmr/m/n on input line 23.
LaTeX Font Info:    ... okay on input line 23.
LaTeX Font Info:    Checking defaults for OMX/cmex/m/n on input line 23.
LaTeX Font Info:    ... okay on input line 23.
LaTeX Font Info:    Checking defaults for U/cmr/m/n on input line 23.
LaTeX Font Info:    ... okay on input line 23.
 (/usr/share/texlive/texmf-dist/tex/context/base/mkii/supp-pdf.mkii
[Loading MPS to PDF converter (version 2006.09.02).]
\scratchcounter=\count275
\scratchdimen=\dimen160
\scratchbox=\box55
\nofMPsegments=\count276
\nofMParguments=\count277
\everyMPshowfont=\toks24
\MPscratchCnt=\count278
\MPscratchDim=\dimen161
\MPnumerator=\count279
\makeMPintoPDFobject=\count280
\everyMPtoPDFconversion=\toks25
) (/usr/share/texlive/texmf-dist/tex/latex/epstopdf-pkg/epstopdf-base.sty
Package: epstopdf-base 2020-01-24 v2.11 Base part for package epstopdf
Package epstopdf-base Info: Redefining graphics rule for `.eps' on input line 485.
 (/usr/share/texlive/texmf-dist/tex/latex/latexconfig/epstopdf-sys.cfg
File: epstopdf-sys.cfg 2010/07/13 v1.3 Configuration of (r)epstopdf for TeX Live
))
*geometry* driver: auto-detecting
*geometry* detected driver: pdftex
*geometry* verbose mode - [ preamble ] result:
* driver: pdftex
* paper: a4paper
* layout: <same size as paper>
* layoutoffset:(h,v)=(0.0pt,0.0pt)
* modes: 
* h-part:(L,W,R)=(28.45274pt, 540.60239pt, 28.45274pt)
* v-part:(T,H,B)=(28.45274pt, 682.86613pt, 133.72797pt)
* \paperwidth=597.50787pt
* \paperheight=845.04684pt
* \textwidth=540.60239pt
* \textheight=682.86613pt
* \oddsidemargin=-43.81725pt
* \evensidemargin=-43.81725pt
* \topmargin=-80.81725pt
* \headheight=12.0pt
* \headsep=25.0pt
* \topskip=12.0pt
* \footskip=30.0pt
* \marginparwidth=44.0pt
* \marginparsep=10.0pt
* \columnsep=10.0pt
* \skip\footins=10.8pt plus 4.0pt minus 2.0pt
* \hoffset=0.0pt
* \voffset=0.0pt
* \mag=1000
* \@twocolumnfalse
* \@twosidefalse
* \@mparswitchfalse
* \@reversemarginfalse
* (1in=72.27pt=25.4mm, 1cm=28.453pt)

LaTeX Font Info:    Trying to load font information for U+msa on input line 24.
(/usr/share/texlive/texmf-dist/tex/latex/amsfonts/umsa.fd
File: umsa.fd 2013/01/14 v3.01 AMS symbols A
)
LaTeX Font Info:    Trying to load font information for U+msb on input line 24.
 (/usr/share/texlive/texmf-dist/tex/latex/amsfonts/umsb.fd
File: umsb.fd 2013/01/14 v3.01 AMS symbols B
)
<season1.png, id=1, 1148.3703pt x 714.7503pt>
File: season1.png Graphic file (type png)
<use season1.png>
Package pdftex.def Info: season1.png  used on input line 55.
(pdftex.def)             Requested size: 432.48355pt x 269.17586pt.
 [1

{/var/lib/texmf/fonts/map/pdftex/updmap/pdftex.map}] [2 <./season1.png>]
<holiday1.png, id=15, 1148.3703pt x 426.393pt>
File: holiday1.png Graphic file (type png)
<use holiday1.png>
Package pdftex.def Info: holiday1.png  used on input line 71.
(pdftex.def)             Requested size: 486.53883pt x 180.65182pt.
 [3 <./holiday1.png>]
<day1.png, id=20, 1148.3703pt x 570.933pt>
File: day1.png Graphic file (type png)
<use day1.png>
Package pdftex.def Info: day1.png  used on input line 86.
(pdftex.def)             Requested size: 432.48355pt x 215.01407pt.
<weekday1.png, id=21, 1148.3703pt x 426.393pt>
File: weekday1.png Graphic file (type png)
<use weekday1.png>
Package pdftex.def Info: weekday1.png  used on input line 98.
(pdftex.def)             Requested size: 432.48355pt x 160.58012pt.
 [4 <./day1.png> <./weekday1.png>]
<season2.png, id=27, 1149.093pt x 714.7503pt>
File: season2.png Graphic file (type png)
<use season2.png>
Package pdftex.def Info: season2.png  used on input line 109.
(pdftex.def)             Requested size: 540.60239pt x 336.25987pt.
 [5 <./season2.png>]
<holiday2.png, id=32, 1149.093pt x 426.393pt>
File: holiday2.png Graphic file (type png)
<use holiday2.png>
Package pdftex.def Info: holiday2.png  used on input line 123.
(pdftex.def)             Requested size: 540.60239pt x 200.59991pt.
 [6 <./holiday2.png>]
<weekday2.png, id=37, 1291.4649pt x 570.933pt>
File: weekday2.png Graphic file (type png)
<use weekday2.png>
Package pdftex.def Info: weekday2.png  used on input line 138.
(pdftex.def)             Requested size: 540.60239pt x 238.98874pt.
 [7 <./weekday2.png>]
<bikerented.png, id=43, 855.6768pt x 494.3268pt>
File: bikerented.png Graphic file (type png)
<use bikerented.png>
Package pdftex.def Info: bikerented.png  used on input line 157.
(pdftex.def)             Requested size: 540.60239pt x 312.32512pt.
 [8 <./bikerented.png>]
<temperature1.png, id=48, 854.9541pt x 494.3268pt>
File: temperature1.png Graphic file (type png)
<use temperature1.png>
Package pdftex.def Info: temperature1.png  used on input line 173.
(pdftex.def)             Requested size: 540.60239pt x 312.57402pt.
 [9 <./temperature1.png>]
<humanity1.png, id=53, 854.9541pt x 494.3268pt>
File: humanity1.png Graphic file (type png)
<use humanity1.png>
Package pdftex.def Info: humanity1.png  used on input line 188.
(pdftex.def)             Requested size: 540.60239pt x 312.57402pt.
 [10 <./humanity1.png>]
<windspeed.png, id=58, 855.6768pt x 494.3268pt>
File: windspeed.png Graphic file (type png)
<use windspeed.png>
Package pdftex.def Info: windspeed.png  used on input line 203.
(pdftex.def)             Requested size: 540.60239pt x 312.32512pt.
 [11 <./windspeed.png>]
<visibility.png, id=63, 855.6768pt x 494.3268pt>
File: visibility.png Graphic file (type png)
<use visibility.png>
Package pdftex.def Info: visibility.png  used on input line 218.
(pdftex.def)             Requested size: 540.60239pt x 312.32512pt.
 [12 <./visibility.png>]
<dewpoint.png, id=68, 854.9541pt x 494.3268pt>
File: dewpoint.png Graphic file (type png)
<use dewpoint.png>
Package pdftex.def Info: dewpoint.png  used on input line 233.
(pdftex.def)             Requested size: 540.60239pt x 312.57402pt.
 [13 <./dewpoint.png>]
<solar.png, id=74, 855.6768pt x 494.3268pt>
File: solar.png Graphic file (type png)
<use solar.png>
Package pdftex.def Info: solar.png  used on input line 249.
(pdftex.def)             Requested size: 540.60239pt x 312.32512pt.
 [14 <./solar.png>]
<rainfall1.png, id=79, 855.6768pt x 494.3268pt>
File: rainfall1.png Graphic file (type png)
<use rainfall1.png>
Package pdftex.def Info: rainfall1.png  used on input line 266.
(pdftex.def)             Requested size: 432.48355pt x 249.84802pt.
<rainfall2.png, id=80, 854.9541pt x 494.3268pt>
File: rainfall2.png Graphic file (type png)
<use rainfall2.png>
Package pdftex.def Info: rainfall2.png  used on input line 267.
(pdftex.def)             Requested size: 432.48355pt x 250.05922pt.
 [15 <./rainfall1.png> <./rainfall2.png>]
<snowfall.png, id=86, 855.6768pt x 494.3268pt>
File: snowfall.png Graphic file (type png)
<use snowfall.png>
Package pdftex.def Info: snowfall.png  used on input line 282.
(pdftex.def)             Requested size: 540.60239pt x 312.32512pt.
 [16 <./snowfall.png>]
<bikerented2.png, id=91, 349.7868pt x 422.0568pt>
File: bikerented2.png Graphic file (type png)
<use bikerented2.png>
Package pdftex.def Info: bikerented2.png  used on input line 301.
(pdftex.def)             Requested size: 162.18236pt x 195.68765pt.
<humanity2.png, id=92, 349.7868pt x 422.0568pt>
File: humanity2.png Graphic file (type png)
<use humanity2.png>
Package pdftex.def Info: humanity2.png  used on input line 309.
(pdftex.def)             Requested size: 162.18236pt x 195.68765pt.
 [17 <./bikerented2.png> <./humanity2.png>]
<windspeed2.png, id=98, 349.7868pt x 422.0568pt>
File: windspeed2.png Graphic file (type png)
<use windspeed2.png>
Package pdftex.def Info: windspeed2.png  used on input line 319.
(pdftex.def)             Requested size: 162.18236pt x 195.68765pt.
<visibility2.png, id=99, 349.7868pt x 422.0568pt>
File: visibility2.png Graphic file (type png)
<use visibility2.png>
Package pdftex.def Info: visibility2.png  used on input line 327.
(pdftex.def)             Requested size: 162.18236pt x 195.68765pt.
 [18 <./windspeed2.png> <./visibility2.png>]
<dewpoint2.png, id=105, 359.9046pt x 422.0568pt>
File: dewpoint2.png Graphic file (type png)
<use dewpoint2.png>
Package pdftex.def Info: dewpoint2.png  used on input line 337.
(pdftex.def)             Requested size: 162.18236pt x 190.19427pt.
<solar2.png, id=106, 349.7868pt x 422.0568pt>
File: solar2.png Graphic file (type png)
<use solar2.png>
Package pdftex.def Info: solar2.png  used on input line 345.
(pdftex.def)             Requested size: 162.18236pt x 195.68765pt.
 [19 <./dewpoint2.png> <./solar2.png>]
<rainfall3.png, id=113, 349.7868pt x 422.0568pt>
File: rainfall3.png Graphic file (type png)
<use rainfall3.png>
Package pdftex.def Info: rainfall3.png  used on input line 355.
(pdftex.def)             Requested size: 162.18236pt x 195.68765pt.
<snowfall2.png, id=114, 349.7868pt x 422.0568pt>
File: snowfall2.png Graphic file (type png)
<use snowfall2.png>
Package pdftex.def Info: snowfall2.png  used on input line 363.
(pdftex.def)             Requested size: 162.18236pt x 195.68765pt.
 [20 <./rainfall3.png> <./snowfall2.png>]
<regression1.png, id=120, 854.9541pt x 566.5968pt>
File: regression1.png Graphic file (type png)
<use regression1.png>
Package pdftex.def Info: regression1.png  used on input line 375.
(pdftex.def)             Requested size: 324.36473pt x 214.9632pt.
<regression2.png, id=121, 854.9541pt x 566.5968pt>
File: regression2.png Graphic file (type png)
<use regression2.png>
Package pdftex.def Info: regression2.png  used on input line 383.
(pdftex.def)             Requested size: 324.36473pt x 214.9632pt.
 [21 <./regression1.png> <./regression2.png>]
<regression3.png, id=127, 854.9541pt x 566.5968pt>
File: regression3.png Graphic file (type png)
<use regression3.png>
Package pdftex.def Info: regression3.png  used on input line 393.
(pdftex.def)             Requested size: 324.36473pt x 214.9632pt.
<regression4.png, id=128, 854.9541pt x 566.5968pt>
File: regression4.png Graphic file (type png)
<use regression4.png>
Package pdftex.def Info: regression4.png  used on input line 401.
(pdftex.def)             Requested size: 324.36473pt x 214.9632pt.
 [22 <./regression3.png> <./regression4.png>]
<regression5.png, id=134, 1071.7641pt x 566.5968pt>
File: regression5.png Graphic file (type png)
<use regression5.png>
Package pdftex.def Info: regression5.png  used on input line 411.
(pdftex.def)             Requested size: 324.36473pt x 171.47603pt.
<regression6.png, id=135, 1144.7568pt x 566.5968pt>
File: regression6.png Graphic file (type png)
<use regression6.png>
Package pdftex.def Info: regression6.png  used on input line 419.
(pdftex.def)             Requested size: 324.36473pt x 160.5394pt.
 [23 <./regression5.png> <./regression6.png>]
<regression7.png, id=141, 855.6768pt x 566.5968pt>
File: regression7.png Graphic file (type png)
<use regression7.png>
Package pdftex.def Info: regression7.png  used on input line 429.
(pdftex.def)             Requested size: 324.36473pt x 214.78163pt.
<regression8.png, id=142, 855.6768pt x 566.5968pt>
File: regression8.png Graphic file (type png)
<use regression8.png>
Package pdftex.def Info: regression8.png  used on input line 437.
(pdftex.def)             Requested size: 324.36473pt x 214.78163pt.
 [24 <./regression7.png> <./regression8.png>] [25]
<heatmap.png, id=152, 959.0229pt x 710.4141pt>
File: heatmap.png Graphic file (type png)
<use heatmap.png>
Package pdftex.def Info: heatmap.png  used on input line 464.
(pdftex.def)             Requested size: 540.60239pt x 400.4633pt.
 [26 <./heatmap.png>] [27] (./report.aux) ) 
Here is how much of TeX's memory you used:
 3828 strings out of 478287
 56007 string characters out of 5849289
 353639 words of memory out of 5000000
 21978 multiletter control sequences out of 15000+600000
 473368 words of font info for 44 fonts, out of 8000000 for 9000
 1141 hyphenation exceptions out of 8191
 55i,6n,62p,285b,244s stack positions out of 5000i,500n,10000p,200000b,80000s
</usr/share/texlive/texmf-dist/fonts/type1/public/amsfonts/cm/cmbx12.pfb></usr/share/texlive/texmf-dist/fonts/type1/public/amsfonts/cm/cmr12.pfb></usr/share/texlive/texmf-dist/fonts/type1/public/amsfonts/cm/cmr17.pfb>
Output written on report.pdf (27 pages, 3852780 bytes).
PDF statistics:
 175 PDF objects out of 1000 (max. 8388607)
 71 compressed objects within 1 object stream
 0 named destinations out of 1000 (max. 500000)
 171 words of extra memory for PDF output out of 10000 (max. 10000000)

